2025-03-28 20:27:58 [background-preinit] INFO  o.h.validator.internal.util.Version - HV000001: Hibernate Validator 8.0.1.Final
2025-03-28 20:27:58 [restartedMain] INFO  c.l.m.LibraryManagementApplication - Starting LibraryManagementApplication using Java 22 with PID 83656 (/Users/priyandan/Documents/Library-Management/target/classes started by priyandan in /Users/priyandan/Documents/Library-Management)
2025-03-28 20:27:58 [restartedMain] DEBUG c.l.m.LibraryManagementApplication - Running with Spring Boot v3.2.4, Spring v6.1.5
2025-03-28 20:27:58 [restartedMain] INFO  c.l.m.LibraryManagementApplication - No active profile set, falling back to 1 default profile: "default"
2025-03-28 20:27:58 [restartedMain] INFO  o.s.b.d.e.DevToolsPropertyDefaultsPostProcessor - Devtools property defaults active! Set 'spring.devtools.add-properties' to 'false' to disable
2025-03-28 20:27:58 [restartedMain] INFO  o.s.b.d.e.DevToolsPropertyDefaultsPostProcessor - For additional web related logging consider setting the 'logging.level.web' property to 'DEBUG'
2025-03-28 20:27:58 [restartedMain] INFO  o.s.d.r.c.RepositoryConfigurationDelegate - Bootstrapping Spring Data JPA repositories in DEFAULT mode.
2025-03-28 20:27:58 [restartedMain] INFO  o.s.d.r.c.RepositoryConfigurationDelegate - Finished Spring Data repository scanning in 19 ms. Found 3 JPA repository interfaces.
2025-03-28 20:27:58 [restartedMain] INFO  o.s.b.w.e.tomcat.TomcatWebServer - Tomcat initialized with port 8080 (http)
2025-03-28 20:27:58 [restartedMain] INFO  o.a.coyote.http11.Http11NioProtocol - Initializing ProtocolHandler ["http-nio-8080"]
2025-03-28 20:27:58 [restartedMain] INFO  o.a.catalina.core.StandardService - Starting service [Tomcat]
2025-03-28 20:27:58 [restartedMain] INFO  o.a.catalina.core.StandardEngine - Starting Servlet engine: [Apache Tomcat/10.1.19]
2025-03-28 20:27:58 [restartedMain] INFO  o.a.c.c.C.[Tomcat].[localhost].[/] - Initializing Spring embedded WebApplicationContext
2025-03-28 20:27:58 [restartedMain] INFO  o.s.b.w.s.c.ServletWebServerApplicationContext - Root WebApplicationContext: initialization completed in 689 ms
2025-03-28 20:27:58 [restartedMain] INFO  com.zaxxer.hikari.HikariDataSource - HikariPool-1 - Starting...
2025-03-28 20:27:59 [restartedMain] INFO  com.zaxxer.hikari.pool.HikariPool - HikariPool-1 - Added connection conn0: url=jdbc:h2:file:./data/library_db user=SA
2025-03-28 20:27:59 [restartedMain] INFO  com.zaxxer.hikari.HikariDataSource - HikariPool-1 - Start completed.
2025-03-28 20:27:59 [restartedMain] INFO  o.s.b.a.h.H2ConsoleAutoConfiguration - H2 console available at '/h2-console'. Database available at 'jdbc:h2:file:./data/library_db'
2025-03-28 20:27:59 [restartedMain] INFO  o.h.jpa.internal.util.LogHelper - HHH000204: Processing PersistenceUnitInfo [name: default]
2025-03-28 20:27:59 [restartedMain] INFO  org.hibernate.Version - HHH000412: Hibernate ORM core version 6.4.4.Final
2025-03-28 20:27:59 [restartedMain] INFO  o.h.c.i.RegionFactoryInitiator - HHH000026: Second-level cache disabled
2025-03-28 20:27:59 [restartedMain] INFO  o.s.o.j.p.SpringPersistenceUnitInfo - No LoadTimeWeaver setup: ignoring JPA class transformer
2025-03-28 20:27:59 [restartedMain] WARN  org.hibernate.orm.deprecation - HHH90000025: H2Dialect does not need to be specified explicitly using 'hibernate.dialect' (remove the property setting and it will be selected by default)
2025-03-28 20:27:59 [restartedMain] INFO  o.h.e.t.j.p.i.JtaPlatformInitiator - HHH000489: No JTA platform available (set 'hibernate.transaction.jta.platform' to enable JTA platform integration)
2025-03-28 20:27:59 [restartedMain] INFO  o.s.o.j.LocalContainerEntityManagerFactoryBean - Initialized JPA EntityManagerFactory for persistence unit 'default'
2025-03-28 20:28:00 [restartedMain] INFO  o.s.d.j.r.query.QueryEnhancerFactory - Hibernate is in classpath; If applicable, HQL parser will be used.
2025-03-28 20:28:00 [restartedMain] WARN  o.s.b.a.o.j.JpaBaseConfiguration$JpaWebConfiguration - spring.jpa.open-in-view is enabled by default. Therefore, database queries may be performed during view rendering. Explicitly configure spring.jpa.open-in-view to disable this warning
2025-03-28 20:28:00 [restartedMain] INFO  o.s.b.d.a.OptionalLiveReloadServer - LiveReload server is running on port 35729
2025-03-28 20:28:00 [restartedMain] INFO  o.a.coyote.http11.Http11NioProtocol - Starting ProtocolHandler ["http-nio-8080"]
2025-03-28 20:28:00 [restartedMain] INFO  o.s.b.w.e.tomcat.TomcatWebServer - Tomcat started on port 8080 (http) with context path ''
2025-03-28 20:28:00 [restartedMain] INFO  c.l.m.LibraryManagementApplication - Started LibraryManagementApplication in 2.886 seconds (process running for 3.259)
2025-03-28 20:28:00 [restartedMain] INFO  c.l.m.LibraryManagementApplication - Library Management System started successfully!
2025-03-28 20:28:05 [http-nio-8080-exec-3] INFO  o.a.c.c.C.[Tomcat].[localhost].[/] - Initializing Spring DispatcherServlet 'dispatcherServlet'
2025-03-28 20:28:05 [http-nio-8080-exec-3] INFO  o.s.web.servlet.DispatcherServlet - Initializing Servlet 'dispatcherServlet'
2025-03-28 20:28:05 [http-nio-8080-exec-3] INFO  o.s.web.servlet.DispatcherServlet - Completed initialization in 1 ms
2025-03-28 20:28:05 [http-nio-8080-exec-2] DEBUG c.l.m.controller.BookController - REST request to get all available books
2025-03-28 20:28:05 [http-nio-8080-exec-5] DEBUG c.l.m.controller.BookController - REST request to get all books
2025-03-28 20:28:05 [http-nio-8080-exec-3] DEBUG c.l.m.controller.LoanController - REST request to get overdue loans
2025-03-28 20:28:05 [http-nio-8080-exec-4] DEBUG c.l.m.controller.UserController - REST request to get all users
2025-03-28 20:28:05 [http-nio-8080-exec-2] INFO  c.l.management.service.BookService - Fetching all available books
2025-03-28 20:28:05 [http-nio-8080-exec-1] DEBUG c.l.m.controller.LoanController - REST request to get all loans
2025-03-28 20:28:05 [http-nio-8080-exec-4] INFO  c.l.management.service.UserService - Fetching all users
2025-03-28 20:28:05 [http-nio-8080-exec-5] INFO  c.l.management.service.BookService - Fetching all books
2025-03-28 20:28:05 [http-nio-8080-exec-5] DEBUG org.hibernate.SQL - 
    select
        b1_0.id,
        b1_0.author,
        b1_0.available_copies,
        b1_0.description,
        b1_0.genre,
        b1_0.isbn,
        b1_0.publication_date,
        b1_0.title,
        b1_0.total_copies 
    from
        books b1_0
2025-03-28 20:28:05 [http-nio-8080-exec-1] DEBUG org.hibernate.SQL - 
    select
        l1_0.id,
        l1_0.book_id,
        l1_0.due_date,
        l1_0.loan_date,
        l1_0.notes,
        l1_0.return_date,
        l1_0.status,
        l1_0.user_id 
    from
        loans l1_0
2025-03-28 20:28:05 [http-nio-8080-exec-3] DEBUG org.hibernate.SQL - 
    select
        l1_0.id,
        l1_0.book_id,
        l1_0.due_date,
        l1_0.loan_date,
        l1_0.notes,
        l1_0.return_date,
        l1_0.status,
        l1_0.user_id 
    from
        loans l1_0 
    where
        l1_0.return_date is null 
        and l1_0.due_date<current_date
2025-03-28 20:28:05 [http-nio-8080-exec-4] DEBUG org.hibernate.SQL - 
    select
        u1_0.id,
        u1_0.active,
        u1_0.email,
        u1_0.membership_type,
        u1_0.name,
        u1_0.password,
        u1_0.phone,
        u1_0.username 
    from
        users u1_0
2025-03-28 20:28:05 [http-nio-8080-exec-2] DEBUG org.hibernate.SQL - 
    select
        b1_0.id,
        b1_0.author,
        b1_0.available_copies,
        b1_0.description,
        b1_0.genre,
        b1_0.isbn,
        b1_0.publication_date,
        b1_0.title,
        b1_0.total_copies 
    from
        books b1_0 
    where
        b1_0.available_copies>0
2025-03-28 20:28:05 [http-nio-8080-exec-1] DEBUG org.hibernate.SQL - 
    select
        b1_0.id,
        b1_0.author,
        b1_0.available_copies,
        b1_0.description,
        b1_0.genre,
        b1_0.isbn,
        b1_0.publication_date,
        b1_0.title,
        b1_0.total_copies 
    from
        books b1_0 
    where
        b1_0.id=?
2025-03-28 20:28:05 [http-nio-8080-exec-1] DEBUG org.hibernate.SQL - 
    select
        u1_0.id,
        u1_0.active,
        u1_0.email,
        u1_0.membership_type,
        u1_0.name,
        u1_0.password,
        u1_0.phone,
        u1_0.username 
    from
        users u1_0 
    where
        u1_0.id=?
2025-03-28 20:28:05 [http-nio-8080-exec-1] DEBUG org.hibernate.SQL - 
    select
        b1_0.id,
        b1_0.author,
        b1_0.available_copies,
        b1_0.description,
        b1_0.genre,
        b1_0.isbn,
        b1_0.publication_date,
        b1_0.title,
        b1_0.total_copies 
    from
        books b1_0 
    where
        b1_0.id=?
2025-03-28 20:28:05 [http-nio-8080-exec-1] DEBUG org.hibernate.SQL - 
    select
        u1_0.id,
        u1_0.active,
        u1_0.email,
        u1_0.membership_type,
        u1_0.name,
        u1_0.password,
        u1_0.phone,
        u1_0.username 
    from
        users u1_0 
    where
        u1_0.id=?
2025-03-28 20:28:05 [http-nio-8080-exec-1] DEBUG org.hibernate.SQL - 
    select
        b1_0.id,
        b1_0.author,
        b1_0.available_copies,
        b1_0.description,
        b1_0.genre,
        b1_0.isbn,
        b1_0.publication_date,
        b1_0.title,
        b1_0.total_copies 
    from
        books b1_0 
    where
        b1_0.id=?
2025-03-28 20:28:05 [http-nio-8080-exec-1] DEBUG org.hibernate.SQL - 
    select
        u1_0.id,
        u1_0.active,
        u1_0.email,
        u1_0.membership_type,
        u1_0.name,
        u1_0.password,
        u1_0.phone,
        u1_0.username 
    from
        users u1_0 
    where
        u1_0.id=?
2025-03-28 20:28:05 [http-nio-8080-exec-1] DEBUG org.hibernate.SQL - 
    select
        b1_0.id,
        b1_0.author,
        b1_0.available_copies,
        b1_0.description,
        b1_0.genre,
        b1_0.isbn,
        b1_0.publication_date,
        b1_0.title,
        b1_0.total_copies 
    from
        books b1_0 
    where
        b1_0.id=?
2025-03-28 20:28:05 [http-nio-8080-exec-1] DEBUG org.hibernate.SQL - 
    select
        b1_0.id,
        b1_0.author,
        b1_0.available_copies,
        b1_0.description,
        b1_0.genre,
        b1_0.isbn,
        b1_0.publication_date,
        b1_0.title,
        b1_0.total_copies 
    from
        books b1_0 
    where
        b1_0.id=?
2025-03-28 20:28:05 [http-nio-8080-exec-1] DEBUG org.hibernate.SQL - 
    select
        u1_0.id,
        u1_0.active,
        u1_0.email,
        u1_0.membership_type,
        u1_0.name,
        u1_0.password,
        u1_0.phone,
        u1_0.username 
    from
        users u1_0 
    where
        u1_0.id=?
2025-03-28 20:28:05 [http-nio-8080-exec-6] DEBUG c.l.m.controller.LoanController - REST request to get overdue loans
2025-03-28 20:28:05 [http-nio-8080-exec-6] DEBUG org.hibernate.SQL - 
    select
        l1_0.id,
        l1_0.book_id,
        l1_0.due_date,
        l1_0.loan_date,
        l1_0.notes,
        l1_0.return_date,
        l1_0.status,
        l1_0.user_id 
    from
        loans l1_0 
    where
        l1_0.return_date is null 
        and l1_0.due_date<current_date
2025-03-28 20:28:05 [http-nio-8080-exec-7] DEBUG c.l.m.controller.BookController - REST request to get all books
2025-03-28 20:28:05 [http-nio-8080-exec-7] INFO  c.l.management.service.BookService - Fetching all books
2025-03-28 20:28:05 [http-nio-8080-exec-10] DEBUG c.l.m.controller.LoanController - REST request to get all loans
2025-03-28 20:28:05 [http-nio-8080-exec-9] DEBUG c.l.m.controller.UserController - REST request to get all users
2025-03-28 20:28:05 [http-nio-8080-exec-9] INFO  c.l.management.service.UserService - Fetching all users
2025-03-28 20:28:05 [http-nio-8080-exec-8] DEBUG c.l.m.controller.BookController - REST request to get all available books
2025-03-28 20:28:05 [http-nio-8080-exec-8] INFO  c.l.management.service.BookService - Fetching all available books
2025-03-28 20:28:05 [http-nio-8080-exec-10] DEBUG org.hibernate.SQL - 
    select
        l1_0.id,
        l1_0.book_id,
        l1_0.due_date,
        l1_0.loan_date,
        l1_0.notes,
        l1_0.return_date,
        l1_0.status,
        l1_0.user_id 
    from
        loans l1_0
2025-03-28 20:28:05 [http-nio-8080-exec-7] DEBUG org.hibernate.SQL - 
    select
        b1_0.id,
        b1_0.author,
        b1_0.available_copies,
        b1_0.description,
        b1_0.genre,
        b1_0.isbn,
        b1_0.publication_date,
        b1_0.title,
        b1_0.total_copies 
    from
        books b1_0
2025-03-28 20:28:05 [http-nio-8080-exec-10] DEBUG org.hibernate.SQL - 
    select
        b1_0.id,
        b1_0.author,
        b1_0.available_copies,
        b1_0.description,
        b1_0.genre,
        b1_0.isbn,
        b1_0.publication_date,
        b1_0.title,
        b1_0.total_copies 
    from
        books b1_0 
    where
        b1_0.id=?
2025-03-28 20:28:05 [http-nio-8080-exec-8] DEBUG org.hibernate.SQL - 
    select
        b1_0.id,
        b1_0.author,
        b1_0.available_copies,
        b1_0.description,
        b1_0.genre,
        b1_0.isbn,
        b1_0.publication_date,
        b1_0.title,
        b1_0.total_copies 
    from
        books b1_0 
    where
        b1_0.available_copies>0
2025-03-28 20:28:05 [http-nio-8080-exec-10] DEBUG org.hibernate.SQL - 
    select
        u1_0.id,
        u1_0.active,
        u1_0.email,
        u1_0.membership_type,
        u1_0.name,
        u1_0.password,
        u1_0.phone,
        u1_0.username 
    from
        users u1_0 
    where
        u1_0.id=?
2025-03-28 20:28:05 [http-nio-8080-exec-9] DEBUG org.hibernate.SQL - 
    select
        u1_0.id,
        u1_0.active,
        u1_0.email,
        u1_0.membership_type,
        u1_0.name,
        u1_0.password,
        u1_0.phone,
        u1_0.username 
    from
        users u1_0
2025-03-28 20:28:05 [http-nio-8080-exec-10] DEBUG org.hibernate.SQL - 
    select
        b1_0.id,
        b1_0.author,
        b1_0.available_copies,
        b1_0.description,
        b1_0.genre,
        b1_0.isbn,
        b1_0.publication_date,
        b1_0.title,
        b1_0.total_copies 
    from
        books b1_0 
    where
        b1_0.id=?
2025-03-28 20:28:05 [http-nio-8080-exec-10] DEBUG org.hibernate.SQL - 
    select
        u1_0.id,
        u1_0.active,
        u1_0.email,
        u1_0.membership_type,
        u1_0.name,
        u1_0.password,
        u1_0.phone,
        u1_0.username 
    from
        users u1_0 
    where
        u1_0.id=?
2025-03-28 20:28:05 [http-nio-8080-exec-10] DEBUG org.hibernate.SQL - 
    select
        b1_0.id,
        b1_0.author,
        b1_0.available_copies,
        b1_0.description,
        b1_0.genre,
        b1_0.isbn,
        b1_0.publication_date,
        b1_0.title,
        b1_0.total_copies 
    from
        books b1_0 
    where
        b1_0.id=?
2025-03-28 20:28:05 [http-nio-8080-exec-10] DEBUG org.hibernate.SQL - 
    select
        u1_0.id,
        u1_0.active,
        u1_0.email,
        u1_0.membership_type,
        u1_0.name,
        u1_0.password,
        u1_0.phone,
        u1_0.username 
    from
        users u1_0 
    where
        u1_0.id=?
2025-03-28 20:28:05 [http-nio-8080-exec-10] DEBUG org.hibernate.SQL - 
    select
        b1_0.id,
        b1_0.author,
        b1_0.available_copies,
        b1_0.description,
        b1_0.genre,
        b1_0.isbn,
        b1_0.publication_date,
        b1_0.title,
        b1_0.total_copies 
    from
        books b1_0 
    where
        b1_0.id=?
2025-03-28 20:28:05 [http-nio-8080-exec-10] DEBUG org.hibernate.SQL - 
    select
        b1_0.id,
        b1_0.author,
        b1_0.available_copies,
        b1_0.description,
        b1_0.genre,
        b1_0.isbn,
        b1_0.publication_date,
        b1_0.title,
        b1_0.total_copies 
    from
        books b1_0 
    where
        b1_0.id=?
2025-03-28 20:28:05 [http-nio-8080-exec-10] DEBUG org.hibernate.SQL - 
    select
        u1_0.id,
        u1_0.active,
        u1_0.email,
        u1_0.membership_type,
        u1_0.name,
        u1_0.password,
        u1_0.phone,
        u1_0.username 
    from
        users u1_0 
    where
        u1_0.id=?
2025-03-28 20:28:10 [http-nio-8080-exec-3] DEBUG c.l.m.controller.BookController - REST request to get all books
2025-03-28 20:28:10 [http-nio-8080-exec-3] INFO  c.l.management.service.BookService - Fetching all books
2025-03-28 20:28:10 [http-nio-8080-exec-3] DEBUG org.hibernate.SQL - 
    select
        b1_0.id,
        b1_0.author,
        b1_0.available_copies,
        b1_0.description,
        b1_0.genre,
        b1_0.isbn,
        b1_0.publication_date,
        b1_0.title,
        b1_0.total_copies 
    from
        books b1_0
2025-03-28 20:28:10 [http-nio-8080-exec-6] DEBUG c.l.m.controller.BookController - REST request to get all books
2025-03-28 20:28:10 [http-nio-8080-exec-6] INFO  c.l.management.service.BookService - Fetching all books
2025-03-28 20:28:10 [http-nio-8080-exec-6] DEBUG org.hibernate.SQL - 
    select
        b1_0.id,
        b1_0.author,
        b1_0.available_copies,
        b1_0.description,
        b1_0.genre,
        b1_0.isbn,
        b1_0.publication_date,
        b1_0.title,
        b1_0.total_copies 
    from
        books b1_0
2025-03-28 20:28:10 [http-nio-8080-exec-5] DEBUG c.l.m.controller.BookController - REST request to get all books
2025-03-28 20:28:10 [http-nio-8080-exec-5] INFO  c.l.management.service.BookService - Fetching all books
2025-03-28 20:28:10 [http-nio-8080-exec-5] DEBUG org.hibernate.SQL - 
    select
        b1_0.id,
        b1_0.author,
        b1_0.available_copies,
        b1_0.description,
        b1_0.genre,
        b1_0.isbn,
        b1_0.publication_date,
        b1_0.title,
        b1_0.total_copies 
    from
        books b1_0
2025-03-28 20:28:10 [http-nio-8080-exec-2] DEBUG c.l.m.controller.BookController - REST request to get all books
2025-03-28 20:28:10 [http-nio-8080-exec-2] INFO  c.l.management.service.BookService - Fetching all books
2025-03-28 20:28:10 [http-nio-8080-exec-2] DEBUG org.hibernate.SQL - 
    select
        b1_0.id,
        b1_0.author,
        b1_0.available_copies,
        b1_0.description,
        b1_0.genre,
        b1_0.isbn,
        b1_0.publication_date,
        b1_0.title,
        b1_0.total_copies 
    from
        books b1_0
2025-03-28 20:28:12 [http-nio-8080-exec-4] DEBUG c.l.m.controller.UserController - REST request to get all users
2025-03-28 20:28:12 [http-nio-8080-exec-4] INFO  c.l.management.service.UserService - Fetching all users
2025-03-28 20:28:12 [http-nio-8080-exec-4] DEBUG org.hibernate.SQL - 
    select
        u1_0.id,
        u1_0.active,
        u1_0.email,
        u1_0.membership_type,
        u1_0.name,
        u1_0.password,
        u1_0.phone,
        u1_0.username 
    from
        users u1_0
2025-03-28 20:28:12 [http-nio-8080-exec-1] DEBUG c.l.m.controller.UserController - REST request to get all users
2025-03-28 20:28:12 [http-nio-8080-exec-1] INFO  c.l.management.service.UserService - Fetching all users
2025-03-28 20:28:12 [http-nio-8080-exec-1] DEBUG org.hibernate.SQL - 
    select
        u1_0.id,
        u1_0.active,
        u1_0.email,
        u1_0.membership_type,
        u1_0.name,
        u1_0.password,
        u1_0.phone,
        u1_0.username 
    from
        users u1_0
2025-03-28 20:28:13 [http-nio-8080-exec-9] DEBUG c.l.m.controller.LoanController - REST request to get all loans
2025-03-28 20:28:13 [http-nio-8080-exec-7] DEBUG c.l.m.controller.UserController - REST request to get all users
2025-03-28 20:28:13 [http-nio-8080-exec-7] INFO  c.l.management.service.UserService - Fetching all users
2025-03-28 20:28:13 [http-nio-8080-exec-9] DEBUG org.hibernate.SQL - 
    select
        l1_0.id,
        l1_0.book_id,
        l1_0.due_date,
        l1_0.loan_date,
        l1_0.notes,
        l1_0.return_date,
        l1_0.status,
        l1_0.user_id 
    from
        loans l1_0
2025-03-28 20:28:13 [http-nio-8080-exec-7] DEBUG org.hibernate.SQL - 
    select
        u1_0.id,
        u1_0.active,
        u1_0.email,
        u1_0.membership_type,
        u1_0.name,
        u1_0.password,
        u1_0.phone,
        u1_0.username 
    from
        users u1_0
2025-03-28 20:28:13 [http-nio-8080-exec-9] DEBUG org.hibernate.SQL - 
    select
        b1_0.id,
        b1_0.author,
        b1_0.available_copies,
        b1_0.description,
        b1_0.genre,
        b1_0.isbn,
        b1_0.publication_date,
        b1_0.title,
        b1_0.total_copies 
    from
        books b1_0 
    where
        b1_0.id=?
2025-03-28 20:28:13 [http-nio-8080-exec-9] DEBUG org.hibernate.SQL - 
    select
        u1_0.id,
        u1_0.active,
        u1_0.email,
        u1_0.membership_type,
        u1_0.name,
        u1_0.password,
        u1_0.phone,
        u1_0.username 
    from
        users u1_0 
    where
        u1_0.id=?
2025-03-28 20:28:13 [http-nio-8080-exec-9] DEBUG org.hibernate.SQL - 
    select
        b1_0.id,
        b1_0.author,
        b1_0.available_copies,
        b1_0.description,
        b1_0.genre,
        b1_0.isbn,
        b1_0.publication_date,
        b1_0.title,
        b1_0.total_copies 
    from
        books b1_0 
    where
        b1_0.id=?
2025-03-28 20:28:13 [http-nio-8080-exec-9] DEBUG org.hibernate.SQL - 
    select
        u1_0.id,
        u1_0.active,
        u1_0.email,
        u1_0.membership_type,
        u1_0.name,
        u1_0.password,
        u1_0.phone,
        u1_0.username 
    from
        users u1_0 
    where
        u1_0.id=?
2025-03-28 20:28:13 [http-nio-8080-exec-8] DEBUG c.l.m.controller.UserController - REST request to get all users
2025-03-28 20:28:13 [http-nio-8080-exec-8] INFO  c.l.management.service.UserService - Fetching all users
2025-03-28 20:28:13 [http-nio-8080-exec-9] DEBUG org.hibernate.SQL - 
    select
        b1_0.id,
        b1_0.author,
        b1_0.available_copies,
        b1_0.description,
        b1_0.genre,
        b1_0.isbn,
        b1_0.publication_date,
        b1_0.title,
        b1_0.total_copies 
    from
        books b1_0 
    where
        b1_0.id=?
2025-03-28 20:28:13 [http-nio-8080-exec-8] DEBUG org.hibernate.SQL - 
    select
        u1_0.id,
        u1_0.active,
        u1_0.email,
        u1_0.membership_type,
        u1_0.name,
        u1_0.password,
        u1_0.phone,
        u1_0.username 
    from
        users u1_0
2025-03-28 20:28:13 [http-nio-8080-exec-9] DEBUG org.hibernate.SQL - 
    select
        u1_0.id,
        u1_0.active,
        u1_0.email,
        u1_0.membership_type,
        u1_0.name,
        u1_0.password,
        u1_0.phone,
        u1_0.username 
    from
        users u1_0 
    where
        u1_0.id=?
2025-03-28 20:28:13 [http-nio-8080-exec-9] DEBUG org.hibernate.SQL - 
    select
        b1_0.id,
        b1_0.author,
        b1_0.available_copies,
        b1_0.description,
        b1_0.genre,
        b1_0.isbn,
        b1_0.publication_date,
        b1_0.title,
        b1_0.total_copies 
    from
        books b1_0 
    where
        b1_0.id=?
2025-03-28 20:28:13 [http-nio-8080-exec-9] DEBUG org.hibernate.SQL - 
    select
        b1_0.id,
        b1_0.author,
        b1_0.available_copies,
        b1_0.description,
        b1_0.genre,
        b1_0.isbn,
        b1_0.publication_date,
        b1_0.title,
        b1_0.total_copies 
    from
        books b1_0 
    where
        b1_0.id=?
2025-03-28 20:28:13 [http-nio-8080-exec-9] DEBUG org.hibernate.SQL - 
    select
        u1_0.id,
        u1_0.active,
        u1_0.email,
        u1_0.membership_type,
        u1_0.name,
        u1_0.password,
        u1_0.phone,
        u1_0.username 
    from
        users u1_0 
    where
        u1_0.id=?
2025-03-28 20:28:13 [http-nio-8080-exec-10] DEBUG c.l.m.controller.LoanController - REST request to get all loans
2025-03-28 20:28:13 [http-nio-8080-exec-10] DEBUG org.hibernate.SQL - 
    select
        l1_0.id,
        l1_0.book_id,
        l1_0.due_date,
        l1_0.loan_date,
        l1_0.notes,
        l1_0.return_date,
        l1_0.status,
        l1_0.user_id 
    from
        loans l1_0
2025-03-28 20:28:13 [http-nio-8080-exec-10] DEBUG org.hibernate.SQL - 
    select
        b1_0.id,
        b1_0.author,
        b1_0.available_copies,
        b1_0.description,
        b1_0.genre,
        b1_0.isbn,
        b1_0.publication_date,
        b1_0.title,
        b1_0.total_copies 
    from
        books b1_0 
    where
        b1_0.id=?
2025-03-28 20:28:13 [http-nio-8080-exec-10] DEBUG org.hibernate.SQL - 
    select
        u1_0.id,
        u1_0.active,
        u1_0.email,
        u1_0.membership_type,
        u1_0.name,
        u1_0.password,
        u1_0.phone,
        u1_0.username 
    from
        users u1_0 
    where
        u1_0.id=?
2025-03-28 20:28:13 [http-nio-8080-exec-10] DEBUG org.hibernate.SQL - 
    select
        b1_0.id,
        b1_0.author,
        b1_0.available_copies,
        b1_0.description,
        b1_0.genre,
        b1_0.isbn,
        b1_0.publication_date,
        b1_0.title,
        b1_0.total_copies 
    from
        books b1_0 
    where
        b1_0.id=?
2025-03-28 20:28:13 [http-nio-8080-exec-10] DEBUG org.hibernate.SQL - 
    select
        u1_0.id,
        u1_0.active,
        u1_0.email,
        u1_0.membership_type,
        u1_0.name,
        u1_0.password,
        u1_0.phone,
        u1_0.username 
    from
        users u1_0 
    where
        u1_0.id=?
2025-03-28 20:28:13 [http-nio-8080-exec-10] DEBUG org.hibernate.SQL - 
    select
        b1_0.id,
        b1_0.author,
        b1_0.available_copies,
        b1_0.description,
        b1_0.genre,
        b1_0.isbn,
        b1_0.publication_date,
        b1_0.title,
        b1_0.total_copies 
    from
        books b1_0 
    where
        b1_0.id=?
2025-03-28 20:28:13 [http-nio-8080-exec-10] DEBUG org.hibernate.SQL - 
    select
        u1_0.id,
        u1_0.active,
        u1_0.email,
        u1_0.membership_type,
        u1_0.name,
        u1_0.password,
        u1_0.phone,
        u1_0.username 
    from
        users u1_0 
    where
        u1_0.id=?
2025-03-28 20:28:13 [http-nio-8080-exec-10] DEBUG org.hibernate.SQL - 
    select
        b1_0.id,
        b1_0.author,
        b1_0.available_copies,
        b1_0.description,
        b1_0.genre,
        b1_0.isbn,
        b1_0.publication_date,
        b1_0.title,
        b1_0.total_copies 
    from
        books b1_0 
    where
        b1_0.id=?
2025-03-28 20:28:13 [http-nio-8080-exec-10] DEBUG org.hibernate.SQL - 
    select
        b1_0.id,
        b1_0.author,
        b1_0.available_copies,
        b1_0.description,
        b1_0.genre,
        b1_0.isbn,
        b1_0.publication_date,
        b1_0.title,
        b1_0.total_copies 
    from
        books b1_0 
    where
        b1_0.id=?
2025-03-28 20:28:13 [http-nio-8080-exec-10] DEBUG org.hibernate.SQL - 
    select
        u1_0.id,
        u1_0.active,
        u1_0.email,
        u1_0.membership_type,
        u1_0.name,
        u1_0.password,
        u1_0.phone,
        u1_0.username 
    from
        users u1_0 
    where
        u1_0.id=?
2025-03-28 20:28:13 [http-nio-8080-exec-3] DEBUG c.l.m.controller.LoanController - REST request to get all loans
2025-03-28 20:28:13 [http-nio-8080-exec-3] DEBUG org.hibernate.SQL - 
    select
        l1_0.id,
        l1_0.book_id,
        l1_0.due_date,
        l1_0.loan_date,
        l1_0.notes,
        l1_0.return_date,
        l1_0.status,
        l1_0.user_id 
    from
        loans l1_0
2025-03-28 20:28:13 [http-nio-8080-exec-3] DEBUG org.hibernate.SQL - 
    select
        b1_0.id,
        b1_0.author,
        b1_0.available_copies,
        b1_0.description,
        b1_0.genre,
        b1_0.isbn,
        b1_0.publication_date,
        b1_0.title,
        b1_0.total_copies 
    from
        books b1_0 
    where
        b1_0.id=?
2025-03-28 20:28:13 [http-nio-8080-exec-3] DEBUG org.hibernate.SQL - 
    select
        u1_0.id,
        u1_0.active,
        u1_0.email,
        u1_0.membership_type,
        u1_0.name,
        u1_0.password,
        u1_0.phone,
        u1_0.username 
    from
        users u1_0 
    where
        u1_0.id=?
2025-03-28 20:28:13 [http-nio-8080-exec-3] DEBUG org.hibernate.SQL - 
    select
        b1_0.id,
        b1_0.author,
        b1_0.available_copies,
        b1_0.description,
        b1_0.genre,
        b1_0.isbn,
        b1_0.publication_date,
        b1_0.title,
        b1_0.total_copies 
    from
        books b1_0 
    where
        b1_0.id=?
2025-03-28 20:28:13 [http-nio-8080-exec-3] DEBUG org.hibernate.SQL - 
    select
        u1_0.id,
        u1_0.active,
        u1_0.email,
        u1_0.membership_type,
        u1_0.name,
        u1_0.password,
        u1_0.phone,
        u1_0.username 
    from
        users u1_0 
    where
        u1_0.id=?
2025-03-28 20:28:13 [http-nio-8080-exec-3] DEBUG org.hibernate.SQL - 
    select
        b1_0.id,
        b1_0.author,
        b1_0.available_copies,
        b1_0.description,
        b1_0.genre,
        b1_0.isbn,
        b1_0.publication_date,
        b1_0.title,
        b1_0.total_copies 
    from
        books b1_0 
    where
        b1_0.id=?
2025-03-28 20:28:13 [http-nio-8080-exec-3] DEBUG org.hibernate.SQL - 
    select
        u1_0.id,
        u1_0.active,
        u1_0.email,
        u1_0.membership_type,
        u1_0.name,
        u1_0.password,
        u1_0.phone,
        u1_0.username 
    from
        users u1_0 
    where
        u1_0.id=?
2025-03-28 20:28:13 [http-nio-8080-exec-3] DEBUG org.hibernate.SQL - 
    select
        b1_0.id,
        b1_0.author,
        b1_0.available_copies,
        b1_0.description,
        b1_0.genre,
        b1_0.isbn,
        b1_0.publication_date,
        b1_0.title,
        b1_0.total_copies 
    from
        books b1_0 
    where
        b1_0.id=?
2025-03-28 20:28:13 [http-nio-8080-exec-3] DEBUG org.hibernate.SQL - 
    select
        b1_0.id,
        b1_0.author,
        b1_0.available_copies,
        b1_0.description,
        b1_0.genre,
        b1_0.isbn,
        b1_0.publication_date,
        b1_0.title,
        b1_0.total_copies 
    from
        books b1_0 
    where
        b1_0.id=?
2025-03-28 20:28:13 [http-nio-8080-exec-3] DEBUG org.hibernate.SQL - 
    select
        u1_0.id,
        u1_0.active,
        u1_0.email,
        u1_0.membership_type,
        u1_0.name,
        u1_0.password,
        u1_0.phone,
        u1_0.username 
    from
        users u1_0 
    where
        u1_0.id=?
2025-03-28 20:28:13 [http-nio-8080-exec-6] DEBUG c.l.m.controller.LoanController - REST request to get all loans
2025-03-28 20:28:13 [http-nio-8080-exec-6] DEBUG org.hibernate.SQL - 
    select
        l1_0.id,
        l1_0.book_id,
        l1_0.due_date,
        l1_0.loan_date,
        l1_0.notes,
        l1_0.return_date,
        l1_0.status,
        l1_0.user_id 
    from
        loans l1_0
2025-03-28 20:28:13 [http-nio-8080-exec-6] DEBUG org.hibernate.SQL - 
    select
        b1_0.id,
        b1_0.author,
        b1_0.available_copies,
        b1_0.description,
        b1_0.genre,
        b1_0.isbn,
        b1_0.publication_date,
        b1_0.title,
        b1_0.total_copies 
    from
        books b1_0 
    where
        b1_0.id=?
2025-03-28 20:28:13 [http-nio-8080-exec-6] DEBUG org.hibernate.SQL - 
    select
        u1_0.id,
        u1_0.active,
        u1_0.email,
        u1_0.membership_type,
        u1_0.name,
        u1_0.password,
        u1_0.phone,
        u1_0.username 
    from
        users u1_0 
    where
        u1_0.id=?
2025-03-28 20:28:13 [http-nio-8080-exec-6] DEBUG org.hibernate.SQL - 
    select
        b1_0.id,
        b1_0.author,
        b1_0.available_copies,
        b1_0.description,
        b1_0.genre,
        b1_0.isbn,
        b1_0.publication_date,
        b1_0.title,
        b1_0.total_copies 
    from
        books b1_0 
    where
        b1_0.id=?
2025-03-28 20:28:13 [http-nio-8080-exec-6] DEBUG org.hibernate.SQL - 
    select
        u1_0.id,
        u1_0.active,
        u1_0.email,
        u1_0.membership_type,
        u1_0.name,
        u1_0.password,
        u1_0.phone,
        u1_0.username 
    from
        users u1_0 
    where
        u1_0.id=?
2025-03-28 20:28:13 [http-nio-8080-exec-6] DEBUG org.hibernate.SQL - 
    select
        b1_0.id,
        b1_0.author,
        b1_0.available_copies,
        b1_0.description,
        b1_0.genre,
        b1_0.isbn,
        b1_0.publication_date,
        b1_0.title,
        b1_0.total_copies 
    from
        books b1_0 
    where
        b1_0.id=?
2025-03-28 20:28:13 [http-nio-8080-exec-6] DEBUG org.hibernate.SQL - 
    select
        u1_0.id,
        u1_0.active,
        u1_0.email,
        u1_0.membership_type,
        u1_0.name,
        u1_0.password,
        u1_0.phone,
        u1_0.username 
    from
        users u1_0 
    where
        u1_0.id=?
2025-03-28 20:28:13 [http-nio-8080-exec-6] DEBUG org.hibernate.SQL - 
    select
        b1_0.id,
        b1_0.author,
        b1_0.available_copies,
        b1_0.description,
        b1_0.genre,
        b1_0.isbn,
        b1_0.publication_date,
        b1_0.title,
        b1_0.total_copies 
    from
        books b1_0 
    where
        b1_0.id=?
2025-03-28 20:28:13 [http-nio-8080-exec-6] DEBUG org.hibernate.SQL - 
    select
        b1_0.id,
        b1_0.author,
        b1_0.available_copies,
        b1_0.description,
        b1_0.genre,
        b1_0.isbn,
        b1_0.publication_date,
        b1_0.title,
        b1_0.total_copies 
    from
        books b1_0 
    where
        b1_0.id=?
2025-03-28 20:28:13 [http-nio-8080-exec-6] DEBUG org.hibernate.SQL - 
    select
        u1_0.id,
        u1_0.active,
        u1_0.email,
        u1_0.membership_type,
        u1_0.name,
        u1_0.password,
        u1_0.phone,
        u1_0.username 
    from
        users u1_0 
    where
        u1_0.id=?
2025-03-28 20:28:15 [http-nio-8080-exec-5] DEBUG c.l.m.controller.BookController - REST request to get all books
2025-03-28 20:28:15 [http-nio-8080-exec-4] DEBUG c.l.m.controller.UserController - REST request to get all users
2025-03-28 20:28:15 [http-nio-8080-exec-2] DEBUG c.l.m.controller.BookController - REST request to get all available books
2025-03-28 20:28:15 [http-nio-8080-exec-4] INFO  c.l.management.service.UserService - Fetching all users
2025-03-28 20:28:15 [http-nio-8080-exec-5] INFO  c.l.management.service.BookService - Fetching all books
2025-03-28 20:28:15 [http-nio-8080-exec-2] INFO  c.l.management.service.BookService - Fetching all available books
2025-03-28 20:28:15 [http-nio-8080-exec-1] DEBUG c.l.m.controller.LoanController - REST request to get overdue loans
2025-03-28 20:28:15 [http-nio-8080-exec-7] DEBUG c.l.m.controller.LoanController - REST request to get all loans
2025-03-28 20:28:15 [http-nio-8080-exec-2] DEBUG org.hibernate.SQL - 
    select
        b1_0.id,
        b1_0.author,
        b1_0.available_copies,
        b1_0.description,
        b1_0.genre,
        b1_0.isbn,
        b1_0.publication_date,
        b1_0.title,
        b1_0.total_copies 
    from
        books b1_0 
    where
        b1_0.available_copies>0
2025-03-28 20:28:15 [http-nio-8080-exec-1] DEBUG org.hibernate.SQL - 
    select
        l1_0.id,
        l1_0.book_id,
        l1_0.due_date,
        l1_0.loan_date,
        l1_0.notes,
        l1_0.return_date,
        l1_0.status,
        l1_0.user_id 
    from
        loans l1_0 
    where
        l1_0.return_date is null 
        and l1_0.due_date<current_date
2025-03-28 20:28:15 [http-nio-8080-exec-4] DEBUG org.hibernate.SQL - 
    select
        u1_0.id,
        u1_0.active,
        u1_0.email,
        u1_0.membership_type,
        u1_0.name,
        u1_0.password,
        u1_0.phone,
        u1_0.username 
    from
        users u1_0
2025-03-28 20:28:15 [http-nio-8080-exec-5] DEBUG org.hibernate.SQL - 
    select
        b1_0.id,
        b1_0.author,
        b1_0.available_copies,
        b1_0.description,
        b1_0.genre,
        b1_0.isbn,
        b1_0.publication_date,
        b1_0.title,
        b1_0.total_copies 
    from
        books b1_0
2025-03-28 20:28:15 [http-nio-8080-exec-7] DEBUG org.hibernate.SQL - 
    select
        l1_0.id,
        l1_0.book_id,
        l1_0.due_date,
        l1_0.loan_date,
        l1_0.notes,
        l1_0.return_date,
        l1_0.status,
        l1_0.user_id 
    from
        loans l1_0
2025-03-28 20:28:15 [http-nio-8080-exec-7] DEBUG org.hibernate.SQL - 
    select
        b1_0.id,
        b1_0.author,
        b1_0.available_copies,
        b1_0.description,
        b1_0.genre,
        b1_0.isbn,
        b1_0.publication_date,
        b1_0.title,
        b1_0.total_copies 
    from
        books b1_0 
    where
        b1_0.id=?
2025-03-28 20:28:15 [http-nio-8080-exec-7] DEBUG org.hibernate.SQL - 
    select
        u1_0.id,
        u1_0.active,
        u1_0.email,
        u1_0.membership_type,
        u1_0.name,
        u1_0.password,
        u1_0.phone,
        u1_0.username 
    from
        users u1_0 
    where
        u1_0.id=?
2025-03-28 20:28:15 [http-nio-8080-exec-8] DEBUG c.l.m.controller.LoanController - REST request to get overdue loans
2025-03-28 20:28:15 [http-nio-8080-exec-7] DEBUG org.hibernate.SQL - 
    select
        b1_0.id,
        b1_0.author,
        b1_0.available_copies,
        b1_0.description,
        b1_0.genre,
        b1_0.isbn,
        b1_0.publication_date,
        b1_0.title,
        b1_0.total_copies 
    from
        books b1_0 
    where
        b1_0.id=?
2025-03-28 20:28:15 [http-nio-8080-exec-4] DEBUG c.l.m.controller.UserController - REST request to get all users
2025-03-28 20:28:15 [http-nio-8080-exec-7] DEBUG org.hibernate.SQL - 
    select
        u1_0.id,
        u1_0.active,
        u1_0.email,
        u1_0.membership_type,
        u1_0.name,
        u1_0.password,
        u1_0.phone,
        u1_0.username 
    from
        users u1_0 
    where
        u1_0.id=?
2025-03-28 20:28:15 [http-nio-8080-exec-8] DEBUG org.hibernate.SQL - 
    select
        l1_0.id,
        l1_0.book_id,
        l1_0.due_date,
        l1_0.loan_date,
        l1_0.notes,
        l1_0.return_date,
        l1_0.status,
        l1_0.user_id 
    from
        loans l1_0 
    where
        l1_0.return_date is null 
        and l1_0.due_date<current_date
2025-03-28 20:28:15 [http-nio-8080-exec-4] INFO  c.l.management.service.UserService - Fetching all users
2025-03-28 20:28:15 [http-nio-8080-exec-7] DEBUG org.hibernate.SQL - 
    select
        b1_0.id,
        b1_0.author,
        b1_0.available_copies,
        b1_0.description,
        b1_0.genre,
        b1_0.isbn,
        b1_0.publication_date,
        b1_0.title,
        b1_0.total_copies 
    from
        books b1_0 
    where
        b1_0.id=?
2025-03-28 20:28:15 [http-nio-8080-exec-4] DEBUG org.hibernate.SQL - 
    select
        u1_0.id,
        u1_0.active,
        u1_0.email,
        u1_0.membership_type,
        u1_0.name,
        u1_0.password,
        u1_0.phone,
        u1_0.username 
    from
        users u1_0
2025-03-28 20:28:15 [http-nio-8080-exec-7] DEBUG org.hibernate.SQL - 
    select
        u1_0.id,
        u1_0.active,
        u1_0.email,
        u1_0.membership_type,
        u1_0.name,
        u1_0.password,
        u1_0.phone,
        u1_0.username 
    from
        users u1_0 
    where
        u1_0.id=?
2025-03-28 20:28:15 [http-nio-8080-exec-9] DEBUG c.l.m.controller.BookController - REST request to get all available books
2025-03-28 20:28:15 [http-nio-8080-exec-9] INFO  c.l.management.service.BookService - Fetching all available books
2025-03-28 20:28:15 [http-nio-8080-exec-7] DEBUG org.hibernate.SQL - 
    select
        b1_0.id,
        b1_0.author,
        b1_0.available_copies,
        b1_0.description,
        b1_0.genre,
        b1_0.isbn,
        b1_0.publication_date,
        b1_0.title,
        b1_0.total_copies 
    from
        books b1_0 
    where
        b1_0.id=?
2025-03-28 20:28:15 [http-nio-8080-exec-9] DEBUG org.hibernate.SQL - 
    select
        b1_0.id,
        b1_0.author,
        b1_0.available_copies,
        b1_0.description,
        b1_0.genre,
        b1_0.isbn,
        b1_0.publication_date,
        b1_0.title,
        b1_0.total_copies 
    from
        books b1_0 
    where
        b1_0.available_copies>0
2025-03-28 20:28:15 [http-nio-8080-exec-7] DEBUG org.hibernate.SQL - 
    select
        b1_0.id,
        b1_0.author,
        b1_0.available_copies,
        b1_0.description,
        b1_0.genre,
        b1_0.isbn,
        b1_0.publication_date,
        b1_0.title,
        b1_0.total_copies 
    from
        books b1_0 
    where
        b1_0.id=?
2025-03-28 20:28:15 [http-nio-8080-exec-7] DEBUG org.hibernate.SQL - 
    select
        u1_0.id,
        u1_0.active,
        u1_0.email,
        u1_0.membership_type,
        u1_0.name,
        u1_0.password,
        u1_0.phone,
        u1_0.username 
    from
        users u1_0 
    where
        u1_0.id=?
2025-03-28 20:28:15 [http-nio-8080-exec-10] DEBUG c.l.m.controller.BookController - REST request to get all books
2025-03-28 20:28:15 [http-nio-8080-exec-10] INFO  c.l.management.service.BookService - Fetching all books
2025-03-28 20:28:15 [http-nio-8080-exec-10] DEBUG org.hibernate.SQL - 
    select
        b1_0.id,
        b1_0.author,
        b1_0.available_copies,
        b1_0.description,
        b1_0.genre,
        b1_0.isbn,
        b1_0.publication_date,
        b1_0.title,
        b1_0.total_copies 
    from
        books b1_0
2025-03-28 20:28:15 [http-nio-8080-exec-3] DEBUG c.l.m.controller.LoanController - REST request to get all loans
2025-03-28 20:28:15 [http-nio-8080-exec-3] DEBUG org.hibernate.SQL - 
    select
        l1_0.id,
        l1_0.book_id,
        l1_0.due_date,
        l1_0.loan_date,
        l1_0.notes,
        l1_0.return_date,
        l1_0.status,
        l1_0.user_id 
    from
        loans l1_0
2025-03-28 20:28:15 [http-nio-8080-exec-3] DEBUG org.hibernate.SQL - 
    select
        b1_0.id,
        b1_0.author,
        b1_0.available_copies,
        b1_0.description,
        b1_0.genre,
        b1_0.isbn,
        b1_0.publication_date,
        b1_0.title,
        b1_0.total_copies 
    from
        books b1_0 
    where
        b1_0.id=?
2025-03-28 20:28:15 [http-nio-8080-exec-3] DEBUG org.hibernate.SQL - 
    select
        u1_0.id,
        u1_0.active,
        u1_0.email,
        u1_0.membership_type,
        u1_0.name,
        u1_0.password,
        u1_0.phone,
        u1_0.username 
    from
        users u1_0 
    where
        u1_0.id=?
2025-03-28 20:28:15 [http-nio-8080-exec-3] DEBUG org.hibernate.SQL - 
    select
        b1_0.id,
        b1_0.author,
        b1_0.available_copies,
        b1_0.description,
        b1_0.genre,
        b1_0.isbn,
        b1_0.publication_date,
        b1_0.title,
        b1_0.total_copies 
    from
        books b1_0 
    where
        b1_0.id=?
2025-03-28 20:28:15 [http-nio-8080-exec-3] DEBUG org.hibernate.SQL - 
    select
        u1_0.id,
        u1_0.active,
        u1_0.email,
        u1_0.membership_type,
        u1_0.name,
        u1_0.password,
        u1_0.phone,
        u1_0.username 
    from
        users u1_0 
    where
        u1_0.id=?
2025-03-28 20:28:15 [http-nio-8080-exec-3] DEBUG org.hibernate.SQL - 
    select
        b1_0.id,
        b1_0.author,
        b1_0.available_copies,
        b1_0.description,
        b1_0.genre,
        b1_0.isbn,
        b1_0.publication_date,
        b1_0.title,
        b1_0.total_copies 
    from
        books b1_0 
    where
        b1_0.id=?
2025-03-28 20:28:15 [http-nio-8080-exec-3] DEBUG org.hibernate.SQL - 
    select
        u1_0.id,
        u1_0.active,
        u1_0.email,
        u1_0.membership_type,
        u1_0.name,
        u1_0.password,
        u1_0.phone,
        u1_0.username 
    from
        users u1_0 
    where
        u1_0.id=?
2025-03-28 20:28:15 [http-nio-8080-exec-3] DEBUG org.hibernate.SQL - 
    select
        b1_0.id,
        b1_0.author,
        b1_0.available_copies,
        b1_0.description,
        b1_0.genre,
        b1_0.isbn,
        b1_0.publication_date,
        b1_0.title,
        b1_0.total_copies 
    from
        books b1_0 
    where
        b1_0.id=?
2025-03-28 20:28:15 [http-nio-8080-exec-3] DEBUG org.hibernate.SQL - 
    select
        b1_0.id,
        b1_0.author,
        b1_0.available_copies,
        b1_0.description,
        b1_0.genre,
        b1_0.isbn,
        b1_0.publication_date,
        b1_0.title,
        b1_0.total_copies 
    from
        books b1_0 
    where
        b1_0.id=?
2025-03-28 20:28:15 [http-nio-8080-exec-3] DEBUG org.hibernate.SQL - 
    select
        u1_0.id,
        u1_0.active,
        u1_0.email,
        u1_0.membership_type,
        u1_0.name,
        u1_0.password,
        u1_0.phone,
        u1_0.username 
    from
        users u1_0 
    where
        u1_0.id=?
2025-03-28 20:28:21 [http-nio-8080-exec-6] DEBUG c.l.m.controller.BookController - REST request to get all books
2025-03-28 20:28:21 [http-nio-8080-exec-6] INFO  c.l.management.service.BookService - Fetching all books
2025-03-28 20:28:21 [http-nio-8080-exec-6] DEBUG org.hibernate.SQL - 
    select
        b1_0.id,
        b1_0.author,
        b1_0.available_copies,
        b1_0.description,
        b1_0.genre,
        b1_0.isbn,
        b1_0.publication_date,
        b1_0.title,
        b1_0.total_copies 
    from
        books b1_0
2025-03-28 20:28:21 [http-nio-8080-exec-1] DEBUG c.l.m.controller.BookController - REST request to get all books
2025-03-28 20:28:21 [http-nio-8080-exec-1] INFO  c.l.management.service.BookService - Fetching all books
2025-03-28 20:28:21 [http-nio-8080-exec-1] DEBUG org.hibernate.SQL - 
    select
        b1_0.id,
        b1_0.author,
        b1_0.available_copies,
        b1_0.description,
        b1_0.genre,
        b1_0.isbn,
        b1_0.publication_date,
        b1_0.title,
        b1_0.total_copies 
    from
        books b1_0
2025-03-28 20:28:21 [http-nio-8080-exec-2] DEBUG c.l.m.controller.BookController - REST request to get all books
2025-03-28 20:28:21 [http-nio-8080-exec-2] INFO  c.l.management.service.BookService - Fetching all books
2025-03-28 20:28:21 [http-nio-8080-exec-2] DEBUG org.hibernate.SQL - 
    select
        b1_0.id,
        b1_0.author,
        b1_0.available_copies,
        b1_0.description,
        b1_0.genre,
        b1_0.isbn,
        b1_0.publication_date,
        b1_0.title,
        b1_0.total_copies 
    from
        books b1_0
2025-03-28 20:28:21 [http-nio-8080-exec-8] DEBUG c.l.m.controller.BookController - REST request to get all books
2025-03-28 20:28:21 [http-nio-8080-exec-8] INFO  c.l.management.service.BookService - Fetching all books
2025-03-28 20:28:21 [http-nio-8080-exec-8] DEBUG org.hibernate.SQL - 
    select
        b1_0.id,
        b1_0.author,
        b1_0.available_copies,
        b1_0.description,
        b1_0.genre,
        b1_0.isbn,
        b1_0.publication_date,
        b1_0.title,
        b1_0.total_copies 
    from
        books b1_0
2025-03-28 20:28:27 [http-nio-8080-exec-4] INFO  o.a.tomcat.util.http.parser.Cookie - A cookie header was received [g_state={"i_l":0};] that contained an invalid cookie. That cookie will be ignored.
 Note: further occurrences of this error will be logged at DEBUG level.
2025-03-28 20:30:04 [http-nio-8080-exec-6] DEBUG c.l.m.controller.BookController - REST request to get all books
2025-03-28 20:30:04 [http-nio-8080-exec-6] INFO  c.l.management.service.BookService - Fetching all books
2025-03-28 20:30:04 [http-nio-8080-exec-6] DEBUG org.hibernate.SQL - 
    select
        b1_0.id,
        b1_0.author,
        b1_0.available_copies,
        b1_0.description,
        b1_0.genre,
        b1_0.isbn,
        b1_0.publication_date,
        b1_0.title,
        b1_0.total_copies 
    from
        books b1_0
2025-03-28 20:30:04 [http-nio-8080-exec-8] DEBUG c.l.m.controller.BookController - REST request to get all books
2025-03-28 20:30:04 [http-nio-8080-exec-8] INFO  c.l.management.service.BookService - Fetching all books
2025-03-28 20:30:04 [http-nio-8080-exec-8] DEBUG org.hibernate.SQL - 
    select
        b1_0.id,
        b1_0.author,
        b1_0.available_copies,
        b1_0.description,
        b1_0.genre,
        b1_0.isbn,
        b1_0.publication_date,
        b1_0.title,
        b1_0.total_copies 
    from
        books b1_0
2025-03-28 20:30:04 [http-nio-8080-exec-1] DEBUG c.l.m.controller.BookController - REST request to get all books
2025-03-28 20:30:04 [http-nio-8080-exec-1] INFO  c.l.management.service.BookService - Fetching all books
2025-03-28 20:30:04 [http-nio-8080-exec-1] DEBUG org.hibernate.SQL - 
    select
        b1_0.id,
        b1_0.author,
        b1_0.available_copies,
        b1_0.description,
        b1_0.genre,
        b1_0.isbn,
        b1_0.publication_date,
        b1_0.title,
        b1_0.total_copies 
    from
        books b1_0
2025-03-28 20:30:04 [http-nio-8080-exec-3] DEBUG c.l.m.controller.BookController - REST request to get all books
2025-03-28 20:30:04 [http-nio-8080-exec-3] INFO  c.l.management.service.BookService - Fetching all books
2025-03-28 20:30:04 [http-nio-8080-exec-3] DEBUG org.hibernate.SQL - 
    select
        b1_0.id,
        b1_0.author,
        b1_0.available_copies,
        b1_0.description,
        b1_0.genre,
        b1_0.isbn,
        b1_0.publication_date,
        b1_0.title,
        b1_0.total_copies 
    from
        books b1_0
2025-03-28 20:30:16 [http-nio-8080-exec-2] DEBUG c.l.m.controller.BookController - REST request to get all books
2025-03-28 20:30:16 [http-nio-8080-exec-2] INFO  c.l.management.service.BookService - Fetching all books
2025-03-28 20:30:16 [http-nio-8080-exec-2] DEBUG org.hibernate.SQL - 
    select
        b1_0.id,
        b1_0.author,
        b1_0.available_copies,
        b1_0.description,
        b1_0.genre,
        b1_0.isbn,
        b1_0.publication_date,
        b1_0.title,
        b1_0.total_copies 
    from
        books b1_0
2025-03-28 20:30:16 [http-nio-8080-exec-9] DEBUG c.l.m.controller.BookController - REST request to get all books
2025-03-28 20:30:16 [http-nio-8080-exec-9] INFO  c.l.management.service.BookService - Fetching all books
2025-03-28 20:30:16 [http-nio-8080-exec-9] DEBUG org.hibernate.SQL - 
    select
        b1_0.id,
        b1_0.author,
        b1_0.available_copies,
        b1_0.description,
        b1_0.genre,
        b1_0.isbn,
        b1_0.publication_date,
        b1_0.title,
        b1_0.total_copies 
    from
        books b1_0
2025-03-28 20:30:16 [http-nio-8080-exec-4] DEBUG c.l.m.controller.BookController - REST request to get all books
2025-03-28 20:30:16 [http-nio-8080-exec-4] INFO  c.l.management.service.BookService - Fetching all books
2025-03-28 20:30:16 [http-nio-8080-exec-4] DEBUG org.hibernate.SQL - 
    select
        b1_0.id,
        b1_0.author,
        b1_0.available_copies,
        b1_0.description,
        b1_0.genre,
        b1_0.isbn,
        b1_0.publication_date,
        b1_0.title,
        b1_0.total_copies 
    from
        books b1_0
2025-03-28 20:30:16 [http-nio-8080-exec-7] DEBUG c.l.m.controller.BookController - REST request to get all books
2025-03-28 20:30:16 [http-nio-8080-exec-7] INFO  c.l.management.service.BookService - Fetching all books
2025-03-28 20:30:16 [http-nio-8080-exec-7] DEBUG org.hibernate.SQL - 
    select
        b1_0.id,
        b1_0.author,
        b1_0.available_copies,
        b1_0.description,
        b1_0.genre,
        b1_0.isbn,
        b1_0.publication_date,
        b1_0.title,
        b1_0.total_copies 
    from
        books b1_0
2025-03-28 20:32:04 [SpringApplicationShutdownHook] INFO  o.s.o.j.LocalContainerEntityManagerFactoryBean - Closing JPA EntityManagerFactory for persistence unit 'default'
2025-03-28 20:32:04 [SpringApplicationShutdownHook] INFO  com.zaxxer.hikari.HikariDataSource - HikariPool-1 - Shutdown initiated...
2025-03-28 20:32:04 [SpringApplicationShutdownHook] INFO  com.zaxxer.hikari.HikariDataSource - HikariPool-1 - Shutdown completed.
