2025-03-27 13:18:46 - Fetching all loans
2025-03-27 13:18:46 - Fetching all overdue loans
2025-03-27 13:18:46 - Fetching all loans
2025-03-27 13:18:46 - Fetching all overdue loans
2025-03-27 13:19:48 - Fetching all overdue loans
2025-03-27 13:19:48 - Fetching all loans
2025-03-27 13:19:48 - Fetching all loans
2025-03-27 13:19:48 - Fetching all overdue loans
2025-03-27 13:23:32 - Fetching all loans
2025-03-27 13:23:32 - Fetching all overdue loans
2025-03-27 13:23:32 - Fetching all overdue loans
2025-03-27 13:23:32 - Fetching all loans
2025-03-27 13:26:07 - Fetching all overdue loans
2025-03-27 13:26:07 - Fetching all loans
2025-03-27 13:26:07 - Fetching all overdue loans
2025-03-27 13:26:07 - Fetching all loans
2025-03-27 13:26:09 - Fetching all overdue loans
2025-03-27 13:26:09 - Fetching all loans
2025-03-27 13:26:09 - Fetching all overdue loans
2025-03-27 13:26:09 - Fetching all loans
2025-03-27 13:26:11 - Fetching all overdue loans
2025-03-27 13:26:11 - Fetching all loans
2025-03-27 13:26:11 - Fetching all overdue loans
2025-03-27 13:26:11 - Fetching all loans
2025-03-27 13:26:34 - Fetching all overdue loans
2025-03-27 13:26:34 - Fetching all loans
2025-03-27 13:26:34 - Fetching all overdue loans
2025-03-27 13:26:34 - Fetching all loans
2025-03-27 13:27:21 - Fetching all loans
2025-03-27 13:27:21 - Fetching all loans
2025-03-27 13:27:21 - Fetching all loans
2025-03-27 13:27:21 - Fetching all loans
2025-03-27 13:27:29 - Fetching all loans
2025-03-27 13:27:29 - Fetching all loans
2025-03-27 13:27:29 - Fetching all loans
2025-03-27 13:27:29 - Fetching all loans
2025-03-27 13:28:53 - Fetching all loans
2025-03-27 13:28:53 - Fetching all overdue loans
2025-03-27 13:28:53 - Fetching all loans
2025-03-27 13:28:53 - Fetching all overdue loans
2025-03-27 13:29:00 - Fetching all loans
2025-03-27 13:29:00 - Fetching all loans
2025-03-27 13:29:00 - Fetching all loans
2025-03-27 13:29:00 - Fetching all loans
2025-03-27 13:29:04 - Fetching all overdue loans
2025-03-27 13:29:04 - Fetching all loans
2025-03-27 13:29:04 - Fetching all overdue loans
2025-03-27 13:29:04 - Fetching all loans
2025-03-27 13:29:07 - Fetching all loans
2025-03-27 13:29:07 - Fetching all loans
2025-03-27 13:29:07 - Fetching all loans
2025-03-27 13:29:07 - Fetching all loans
2025-03-27 13:29:09 - Fetching all overdue loans
2025-03-27 13:29:11 - Fetching loans due in the next 7 days
2025-03-27 13:29:16 - Fetching all loans
2025-03-27 13:29:29 - Fetching loan with ID: 3
2025-03-27 13:29:29 - Fetching loan with ID: 3
2025-03-27 13:29:41 - Fetching all loans
2025-03-27 13:29:41 - Fetching all loans
2025-03-27 13:29:41 - Fetching all loans
2025-03-27 13:29:41 - Fetching all loans
2025-03-27 13:29:44 - Fetching all overdue loans
2025-03-27 13:29:44 - Fetching all loans
2025-03-27 13:29:44 - Fetching all overdue loans
2025-03-27 13:29:44 - Fetching all loans
2025-03-27 13:30:27 - Fetching loan with ID: 4
2025-03-27 13:30:27 - Fetching loan with ID: 4
2025-03-27 13:30:29 - Fetching all loans
2025-03-27 13:30:29 - Fetching all overdue loans
2025-03-27 13:30:29 - Fetching all loans
2025-03-27 13:30:29 - Fetching all overdue loans
2025-03-27 13:30:33 - Fetching all loans
2025-03-27 13:30:33 - Fetching all loans
2025-03-27 13:30:33 - Fetching all loans
2025-03-27 13:30:33 - Fetching all loans
2025-03-27 13:30:36 - Fetching all overdue loans
2025-03-27 13:30:36 - Fetching loans due in the next 7 days
2025-03-27 13:30:37 - Fetching all overdue loans
2025-03-27 13:30:38 - Fetching all loans
2025-03-27 13:30:41 - Fetching loan with ID: 5
2025-03-27 13:30:41 - Fetching loan with ID: 5
2025-03-27 13:30:51 - Fetching all overdue loans
2025-03-27 13:30:51 - Fetching all loans
2025-03-27 13:30:51 - Fetching all overdue loans
2025-03-27 13:30:52 - Fetching all loans
2025-03-27 13:31:31 - Fetching all loans
2025-03-27 13:31:31 - Fetching all overdue loans
2025-03-27 13:31:31 - Fetching all overdue loans
2025-03-27 13:31:31 - Fetching all loans
2025-03-27 13:31:35 - Fetching all loans
2025-03-27 13:31:35 - Fetching all overdue loans
2025-03-27 13:31:35 - Fetching all loans
2025-03-27 13:31:35 - Fetching all overdue loans
2025-03-27 13:31:41 - Fetching all loans
2025-03-27 13:31:41 - Fetching all overdue loans
2025-03-27 13:31:41 - Fetching all loans
2025-03-27 13:31:41 - Fetching all overdue loans
2025-03-27 13:31:45 - Fetching all overdue loans
2025-03-27 13:31:45 - Fetching all loans
2025-03-27 13:31:45 - Fetching all overdue loans
2025-03-27 13:31:45 - Fetching all loans
2025-03-27 13:31:52 - Fetching all overdue loans
2025-03-27 13:31:52 - Fetching all loans
2025-03-27 13:31:52 - Fetching all loans
2025-03-27 13:31:52 - Fetching all overdue loans
2025-03-27 13:32:33 - Fetching all loans
2025-03-27 13:32:33 - Fetching all overdue loans
2025-03-27 13:32:33 - Fetching all overdue loans
2025-03-27 13:32:33 - Fetching all loans
2025-03-27 13:40:03 - Fetching all overdue loans
2025-03-27 13:40:03 - Fetching all loans
2025-03-27 13:40:03 - Fetching all loans
2025-03-27 13:40:03 - Fetching all overdue loans
2025-03-27 13:40:08 - Fetching all overdue loans
2025-03-27 13:40:08 - Fetching all loans
2025-03-27 13:40:08 - Fetching all overdue loans
2025-03-27 13:40:08 - Fetching all loans
2025-03-27 13:41:31 - Fetching all overdue loans
2025-03-27 13:41:31 - Fetching all loans
2025-03-27 13:41:31 - Fetching all overdue loans
2025-03-27 13:41:31 - Fetching all loans
2025-03-27 13:41:53 - Fetching all loans
2025-03-27 13:41:53 - Fetching all loans
2025-03-27 13:41:53 - Fetching all loans
2025-03-27 13:41:53 - Fetching all loans
2025-03-27 13:42:07 - Fetching all loans
2025-03-27 13:42:07 - Fetching all loans
2025-03-27 13:42:07 - Fetching all loans
2025-03-27 13:42:07 - Fetching all loans
2025-03-27 13:42:19 - Fetching all loans
2025-03-27 13:42:19 - Fetching all loans
2025-03-27 13:42:19 - Fetching all loans
2025-03-27 13:42:19 - Fetching all loans
2025-03-27 13:42:50 - Processing book return for loan ID: 4
2025-03-27 13:42:50 - Fetching loan with ID: 4
2025-03-27 13:42:50 - Book returned overdue by 15 days
2025-03-27 13:42:50 - Book 'Pride and Prejudice' returned by user 'johndoe'
2025-03-27 13:42:55 - Fetching all loans
2025-03-27 13:42:55 - Fetching all loans
2025-03-27 13:42:55 - Fetching all loans
2025-03-27 13:42:55 - Fetching all loans
2025-03-27 13:42:59 - Fetching all overdue loans
2025-03-27 13:42:59 - Fetching all loans
2025-03-27 13:42:59 - Fetching all loans
2025-03-27 13:42:59 - Fetching all overdue loans
2025-03-27 13:43:03 - Fetching all overdue loans
2025-03-27 13:43:03 - Fetching all loans
2025-03-27 13:43:03 - Fetching all overdue loans
2025-03-27 13:43:03 - Fetching all loans
2025-03-27 13:43:04 - Fetching all loans
2025-03-27 13:43:04 - Fetching all loans
2025-03-27 13:43:04 - Fetching all loans
2025-03-27 13:43:04 - Fetching all loans
2025-03-27 13:43:18 - Fetching all overdue loans
2025-03-27 13:43:18 - Fetching all loans
2025-03-27 13:43:18 - Fetching all overdue loans
2025-03-27 13:43:18 - Fetching all loans
2025-03-27 13:43:26 - Fetching all loans
2025-03-27 13:43:26 - Fetching all loans
2025-03-27 13:43:26 - Fetching all loans
2025-03-27 13:43:26 - Fetching all loans
2025-03-27 13:43:35 - Fetching all loans
2025-03-27 13:43:35 - Fetching all overdue loans
2025-03-27 13:43:35 - Fetching all overdue loans
2025-03-27 13:43:35 - Fetching all loans
2025-03-27 13:43:47 - Fetching all loans
2025-03-27 13:43:47 - Fetching all overdue loans
2025-03-27 13:43:47 - Fetching all overdue loans
2025-03-27 13:43:47 - Fetching all loans
2025-03-27 13:43:51 - Fetching all loans
2025-03-27 13:43:51 - Fetching all overdue loans
2025-03-27 13:43:51 - Fetching all overdue loans
2025-03-27 13:43:51 - Fetching all loans
2025-03-27 13:43:54 - Fetching all loans
2025-03-27 13:43:54 - Fetching all overdue loans
2025-03-27 13:43:54 - Fetching all loans
2025-03-27 13:43:54 - Fetching all overdue loans
2025-03-27 13:43:59 - Fetching all loans
2025-03-27 13:43:59 - Fetching all loans
2025-03-27 13:43:59 - Fetching all loans
2025-03-27 13:43:59 - Fetching all loans
2025-03-27 13:44:01 - Fetching loan with ID: 4
2025-03-27 13:44:01 - Fetching loan with ID: 4
2025-03-27 13:44:12 - Fetching loan with ID: 4
2025-03-27 13:44:12 - Fetching loan with ID: 4
2025-03-27 13:44:13 - Fetching loan with ID: 4
2025-03-27 13:44:13 - Fetching loan with ID: 4
2025-03-27 13:44:14 - Fetching loan with ID: 4
2025-03-27 13:44:14 - Fetching loan with ID: 4
2025-03-27 13:44:14 - Fetching loan with ID: 4
2025-03-27 13:44:14 - Fetching loan with ID: 4
2025-03-27 13:46:47 - Fetching all overdue loans
2025-03-27 13:46:47 - Fetching all loans
2025-03-27 13:46:47 - Fetching all overdue loans
2025-03-27 13:46:47 - Fetching all loans
2025-03-27 13:47:11 - Fetching loan with ID: 4
2025-03-27 13:47:11 - Fetching loan with ID: 4
2025-03-27 13:47:21 - Fetching all loans
2025-03-27 13:47:21 - Fetching all loans
2025-03-27 13:47:21 - Fetching all loans
2025-03-27 13:47:21 - Fetching all loans
2025-03-27 13:47:28 - Fetching loan with ID: 2
2025-03-27 13:47:28 - Fetching loan with ID: 2
2025-03-27 13:47:41 - Fetching all overdue loans
2025-03-27 13:47:41 - Fetching all loans
2025-03-27 13:47:41 - Fetching all overdue loans
2025-03-27 13:47:41 - Fetching all loans
2025-03-27 13:47:47 - Fetching all overdue loans
2025-03-27 13:47:47 - Fetching all loans
2025-03-27 13:47:47 - Fetching all overdue loans
2025-03-27 13:47:47 - Fetching all loans
2025-03-27 13:49:22 - Processing loan: User ID 3 borrowing Book ID 4
2025-03-27 13:49:22 - Book borrowed successfully: 'Pride and Prejudice' by user 'mikej'
2025-03-27 13:49:22 - Fetching all loans
2025-03-27 13:49:22 - Fetching all loans
2025-03-27 13:49:22 - Fetching all loans
2025-03-27 13:49:22 - Fetching all loans
2025-03-27 13:49:43 - Processing loan: User ID 4 borrowing Book ID 4
2025-03-27 13:49:43 - Book borrowed successfully: 'Pride and Prejudice' by user 'sarahw'
2025-03-27 13:49:43 - Fetching all loans
2025-03-27 13:49:43 - Fetching all loans
2025-03-27 13:49:43 - Fetching all loans
2025-03-27 13:49:43 - Fetching all loans
2025-03-27 13:50:17 - Fetching all loans
2025-03-27 13:50:17 - Fetching all loans
2025-03-27 13:50:17 - Fetching all loans
2025-03-27 13:50:17 - Fetching all loans
2025-03-27 13:50:19 - Fetching loan with ID: 4
2025-03-27 13:50:19 - Fetching loan with ID: 4
2025-03-27 13:50:29 - Fetching all loans
2025-03-27 13:50:29 - Fetching all loans
2025-03-27 13:50:29 - Fetching all loans
2025-03-27 13:50:29 - Fetching all loans
2025-03-27 13:50:31 - Fetching loan with ID: 5
2025-03-27 13:50:31 - Fetching loan with ID: 5
2025-03-27 13:50:42 - Fetching all loans
2025-03-27 13:50:42 - Fetching all loans
2025-03-27 13:50:42 - Fetching all loans
2025-03-27 13:50:42 - Fetching all loans
2025-03-27 13:51:25 - Fetching all loans
2025-03-27 13:51:25 - Fetching all loans
2025-03-27 13:51:25 - Fetching all loans
2025-03-27 13:51:25 - Fetching all loans
2025-03-27 13:51:27 - Fetching all loans
2025-03-27 13:51:27 - Fetching all overdue loans
2025-03-27 13:51:27 - Fetching all overdue loans
2025-03-27 13:51:27 - Fetching all loans
2025-03-27 14:00:04 - Fetching all loans
2025-03-27 14:00:04 - Fetching all overdue loans
2025-03-27 14:00:04 - Fetching all loans
2025-03-27 14:00:04 - Fetching all overdue loans
2025-03-27 14:00:12 - Fetching loans for user with ID: 5
2025-03-27 14:00:12 - Fetching loans for user with ID: 5
2025-03-27 14:02:26 - Fetching all overdue loans
2025-03-27 14:02:26 - Fetching all loans
2025-03-27 14:02:26 - Fetching all loans
2025-03-27 14:02:26 - Fetching all overdue loans
2025-03-27 14:13:41 - Fetching all loans
2025-03-27 14:13:41 - Fetching all overdue loans
2025-03-27 14:13:41 - Fetching all overdue loans
2025-03-27 14:13:41 - Fetching all loans
2025-03-27 14:13:54 - Fetching all loans
2025-03-27 14:13:54 - Fetching all loans
2025-03-27 14:13:54 - Fetching all loans
2025-03-27 14:13:54 - Fetching all loans
2025-03-27 14:13:57 - Fetching loan with ID: 4
2025-03-27 14:13:57 - Fetching loan with ID: 4
2025-03-27 14:14:06 - Fetching all loans
2025-03-27 14:14:06 - Fetching all loans
2025-03-27 14:14:06 - Fetching all loans
2025-03-27 14:14:06 - Fetching all loans
2025-03-27 14:14:09 - Fetching loan with ID: 3
2025-03-27 14:14:09 - Fetching loan with ID: 3
2025-03-27 14:14:12 - Fetching all loans
2025-03-27 14:14:12 - Fetching all loans
2025-03-27 14:14:12 - Fetching all loans
2025-03-27 14:14:12 - Fetching all loans
2025-03-27 14:14:15 - Fetching loan with ID: 4
2025-03-27 14:14:15 - Fetching loan with ID: 4
2025-03-27 14:14:19 - Fetching all loans
2025-03-27 14:14:19 - Fetching all loans
2025-03-27 14:14:19 - Fetching all loans
2025-03-27 14:14:19 - Fetching all loans
2025-03-27 14:14:20 - Fetching loan with ID: 5
2025-03-27 14:14:20 - Fetching loan with ID: 5
2025-03-27 14:14:21 - Fetching all loans
2025-03-27 14:14:21 - Fetching all loans
2025-03-27 14:14:21 - Fetching all loans
2025-03-27 14:14:21 - Fetching all loans
2025-03-27 14:14:25 - Fetching loan with ID: 5
2025-03-27 14:14:25 - Fetching loan with ID: 5
2025-03-27 14:14:26 - Fetching all loans
2025-03-27 14:14:26 - Fetching all loans
2025-03-27 14:14:26 - Fetching all loans
2025-03-27 14:14:26 - Fetching all loans
2025-03-27 14:14:27 - Fetching loan with ID: 4
2025-03-27 14:14:27 - Fetching loan with ID: 4
2025-03-27 14:14:52 - Fetching loan with ID: 4
2025-03-27 14:14:52 - Fetching loan with ID: 4
2025-03-27 14:14:58 - Fetching all loans
2025-03-27 14:14:58 - Fetching all overdue loans
2025-03-27 14:14:58 - Fetching all overdue loans
2025-03-27 14:14:58 - Fetching all loans
2025-03-27 14:15:01 - Fetching all loans
2025-03-27 14:15:01 - Fetching all overdue loans
2025-03-27 14:15:01 - Fetching all overdue loans
2025-03-27 14:15:01 - Fetching all loans
2025-03-27 14:17:55 - Fetching all loans
2025-03-27 14:17:55 - Fetching all loans
2025-03-27 14:17:55 - Fetching all loans
2025-03-27 14:17:55 - Fetching all loans
2025-03-27 14:17:57 - Fetching loan with ID: 4
2025-03-27 14:17:57 - Fetching loan with ID: 4
2025-03-27 14:17:59 - Fetching all loans
2025-03-27 14:17:59 - Fetching all loans
2025-03-27 14:17:59 - Fetching all loans
2025-03-27 14:17:59 - Fetching all loans
2025-03-27 14:18:07 - Processing book return for loan ID: 6
2025-03-27 14:18:07 - Fetching loan with ID: 6
2025-03-27 14:18:07 - Book returned on time
2025-03-27 14:18:07 - Book 'Pride and Prejudice' returned by user 'mikej'
2025-03-27 14:18:12 - Fetching loan with ID: 6
2025-03-27 14:18:12 - Fetching loan with ID: 6
2025-03-27 14:18:15 - Fetching all loans
2025-03-27 14:18:15 - Fetching all loans
2025-03-27 14:18:15 - Fetching all loans
2025-03-27 14:18:15 - Fetching all loans
2025-03-27 14:18:17 - Fetching loan with ID: 5
2025-03-27 14:18:17 - Fetching loan with ID: 5
2025-03-27 14:18:18 - Fetching all loans
2025-03-27 14:18:18 - Fetching all loans
2025-03-27 14:18:18 - Fetching all loans
2025-03-27 14:18:18 - Fetching all loans
2025-03-27 14:18:19 - Fetching loan with ID: 4
2025-03-27 14:18:19 - Fetching loan with ID: 4
2025-03-27 14:18:21 - Fetching all loans
2025-03-27 14:18:21 - Fetching all loans
2025-03-27 14:18:21 - Fetching all loans
2025-03-27 14:18:21 - Fetching all loans
2025-03-27 14:18:25 - Fetching loan with ID: 5
2025-03-27 14:18:25 - Fetching loan with ID: 5
2025-03-27 14:18:26 - Fetching all loans
2025-03-27 14:18:26 - Fetching all loans
2025-03-27 14:18:26 - Fetching all loans
2025-03-27 14:18:26 - Fetching all loans
2025-03-27 14:18:33 - Processing book return for loan ID: 3
2025-03-27 14:18:33 - Fetching loan with ID: 3
2025-03-27 14:18:33 - Book returned overdue by 1 days
2025-03-27 14:18:33 - Book '1984' returned by user 'mikej'
2025-03-27 14:18:34 - Fetching loan with ID: 3
2025-03-27 14:18:34 - Fetching loan with ID: 3
2025-03-27 14:18:37 - Fetching all loans
2025-03-27 14:18:37 - Fetching all loans
2025-03-27 14:18:37 - Fetching all loans
2025-03-27 14:18:37 - Fetching all loans
2025-03-27 14:18:39 - Fetching loan with ID: 3
2025-03-27 14:18:39 - Fetching loan with ID: 3
2025-03-27 14:18:42 - Fetching loan with ID: 3
2025-03-27 14:18:42 - Fetching loan with ID: 3
2025-03-27 14:18:43 - Fetching all loans
2025-03-27 14:18:43 - Fetching all loans
2025-03-27 14:18:43 - Fetching all loans
2025-03-27 14:18:43 - Fetching all loans
2025-03-27 14:18:49 - Processing book return for loan ID: 7
2025-03-27 14:18:49 - Fetching loan with ID: 7
2025-03-27 14:18:49 - Book returned on time
2025-03-27 14:18:49 - Book 'Pride and Prejudice' returned by user 'sarahw'
2025-03-27 14:18:50 - Fetching loan with ID: 7
2025-03-27 14:18:50 - Fetching loan with ID: 7
2025-03-27 14:18:53 - Fetching loan with ID: 7
2025-03-27 14:18:53 - Fetching loan with ID: 7
2025-03-27 14:18:53 - Fetching loan with ID: 7
2025-03-27 14:18:53 - Fetching loan with ID: 7
2025-03-27 14:18:54 - Fetching loan with ID: 7
2025-03-27 14:18:54 - Fetching loan with ID: 7
2025-03-27 14:18:55 - Fetching all loans
2025-03-27 14:18:55 - Fetching all loans
2025-03-27 14:18:55 - Fetching all loans
2025-03-27 14:18:55 - Fetching all loans
2025-03-27 14:19:01 - Fetching all loans
2025-03-27 14:19:01 - Fetching all loans
2025-03-27 14:19:01 - Fetching all loans
2025-03-27 14:19:01 - Fetching all loans
2025-03-27 14:19:02 - Fetching all loans
2025-03-27 14:19:02 - Fetching all loans
2025-03-27 14:19:02 - Fetching all loans
2025-03-27 14:19:02 - Fetching all loans
2025-03-27 14:19:04 - Fetching all loans
2025-03-27 14:19:04 - Fetching all loans
2025-03-27 14:19:04 - Fetching all loans
2025-03-27 14:19:04 - Fetching all loans
2025-03-27 14:19:04 - Fetching all loans
2025-03-27 14:19:04 - Fetching all loans
2025-03-27 14:19:04 - Fetching all loans
2025-03-27 14:19:04 - Fetching all loans
2025-03-27 14:19:05 - Fetching all overdue loans
2025-03-27 14:19:05 - Fetching all loans
2025-03-27 14:19:05 - Fetching all overdue loans
2025-03-27 14:19:05 - Fetching all loans
2025-03-27 14:19:11 - Fetching all loans
2025-03-27 14:19:11 - Fetching all loans
2025-03-27 14:19:11 - Fetching all loans
2025-03-27 14:19:11 - Fetching all loans
2025-03-27 14:19:31 - Fetching all loans
2025-03-27 14:19:31 - Fetching all overdue loans
2025-03-27 14:19:31 - Fetching all overdue loans
2025-03-27 14:19:31 - Fetching all loans
2025-03-27 14:24:32 - Fetching all loans
2025-03-27 14:24:32 - Fetching all loans
2025-03-27 14:24:32 - Fetching all loans
2025-03-27 14:24:32 - Fetching all loans
2025-03-27 14:24:35 - Fetching loan with ID: 3
2025-03-27 14:24:35 - Fetching loan with ID: 3
2025-03-27 14:24:36 - Fetching all loans
2025-03-27 14:24:36 - Fetching all loans
2025-03-27 14:24:36 - Fetching all loans
2025-03-27 14:24:36 - Fetching all loans
2025-03-27 14:24:37 - Fetching loan with ID: 4
2025-03-27 14:24:37 - Fetching loan with ID: 4
2025-03-27 14:24:39 - Fetching all loans
2025-03-27 14:24:39 - Fetching all loans
2025-03-27 14:24:39 - Fetching all loans
2025-03-27 14:24:39 - Fetching all loans
2025-03-27 14:24:42 - Fetching loan with ID: 5
2025-03-27 14:24:42 - Fetching loan with ID: 5
2025-03-27 14:24:43 - Fetching all loans
2025-03-27 14:24:43 - Fetching all loans
2025-03-27 14:24:43 - Fetching all loans
2025-03-27 14:24:43 - Fetching all loans
2025-03-27 14:24:44 - Fetching loan with ID: 3
2025-03-27 14:24:44 - Fetching loan with ID: 3
2025-03-27 14:24:46 - Fetching all loans
2025-03-27 14:24:46 - Fetching all loans
2025-03-27 14:24:46 - Fetching all loans
2025-03-27 14:24:46 - Fetching all loans
2025-03-27 14:24:48 - Fetching loan with ID: 3
2025-03-27 14:24:48 - Fetching loan with ID: 3
2025-03-27 14:34:23 - Fetching loan with ID: 3
2025-03-27 14:34:23 - Fetching loan with ID: 3
2025-03-27 14:34:42 - Fetching all loans
2025-03-27 14:34:42 - Fetching all loans
2025-03-27 14:34:42 - Fetching all loans
2025-03-27 14:34:42 - Fetching all loans
2025-03-27 14:34:44 - Fetching loan with ID: 7
2025-03-27 14:34:44 - Fetching loan with ID: 7
2025-03-27 14:34:46 - Fetching all loans
2025-03-27 14:34:46 - Fetching all loans
2025-03-27 14:34:46 - Fetching all loans
2025-03-27 14:34:46 - Fetching all loans
2025-03-27 14:34:47 - Fetching loan with ID: 6
2025-03-27 14:34:47 - Fetching loan with ID: 6
2025-03-27 14:34:48 - Fetching all loans
2025-03-27 14:34:48 - Fetching all loans
2025-03-27 14:34:48 - Fetching all loans
2025-03-27 14:34:48 - Fetching all loans
2025-03-27 14:34:49 - Fetching loan with ID: 5
2025-03-27 14:34:49 - Fetching loan with ID: 5
2025-03-27 14:34:50 - Fetching all loans
2025-03-27 14:34:50 - Fetching all loans
2025-03-27 14:34:50 - Fetching all loans
2025-03-27 14:34:50 - Fetching all loans
2025-03-27 14:34:51 - Fetching loan with ID: 4
2025-03-27 14:34:51 - Fetching loan with ID: 4
2025-03-27 14:34:52 - Fetching all loans
2025-03-27 14:34:52 - Fetching all loans
2025-03-27 14:34:52 - Fetching all loans
2025-03-27 14:34:52 - Fetching all loans
2025-03-27 14:34:54 - Fetching loan with ID: 3
2025-03-27 14:34:54 - Fetching loan with ID: 3
2025-03-27 14:34:55 - Fetching all loans
2025-03-27 14:34:55 - Fetching all loans
2025-03-27 14:34:55 - Fetching all loans
2025-03-27 14:34:55 - Fetching all loans
2025-03-27 14:35:04 - Fetching loan with ID: 2
2025-03-27 14:35:04 - Fetching loan with ID: 2
2025-03-27 14:35:06 - Fetching all loans
2025-03-27 14:35:06 - Fetching all loans
2025-03-27 14:35:06 - Fetching all loans
2025-03-27 14:35:06 - Fetching all loans
2025-03-27 14:35:08 - Fetching loan with ID: 3
2025-03-27 14:35:08 - Fetching loan with ID: 3
2025-03-27 14:35:09 - Fetching all loans
2025-03-27 14:35:09 - Fetching all loans
2025-03-27 14:35:09 - Fetching all loans
2025-03-27 14:35:09 - Fetching all loans
2025-03-27 14:35:11 - Fetching loan with ID: 4
2025-03-27 14:35:11 - Fetching loan with ID: 4
2025-03-27 14:35:12 - Fetching all loans
2025-03-27 14:35:12 - Fetching all loans
2025-03-27 14:35:12 - Fetching all loans
2025-03-27 14:35:12 - Fetching all loans
2025-03-27 14:39:01 - Fetching loan with ID: 4
2025-03-27 14:39:01 - Fetching loan with ID: 4
2025-03-27 14:39:03 - Fetching loan with ID: 4
2025-03-27 14:39:03 - Fetching loan with ID: 4
2025-03-27 14:39:03 - Fetching all loans
2025-03-27 14:39:03 - Fetching all loans
2025-03-27 14:39:03 - Fetching all loans
2025-03-27 14:39:03 - Fetching all loans
2025-03-27 14:39:04 - Fetching all loans
2025-03-27 14:39:04 - Fetching all loans
2025-03-27 14:39:04 - Fetching all loans
2025-03-27 14:39:04 - Fetching all loans
2025-03-27 14:39:05 - Fetching loan with ID: 6
2025-03-27 14:39:05 - Fetching loan with ID: 6
2025-03-27 14:39:07 - Fetching all loans
2025-03-27 14:39:07 - Fetching all loans
2025-03-27 14:39:07 - Fetching all loans
2025-03-27 14:39:07 - Fetching all loans
2025-03-27 14:39:08 - Fetching loan with ID: 7
2025-03-27 14:39:08 - Fetching loan with ID: 7
2025-03-27 14:39:10 - Fetching all loans
2025-03-27 14:39:10 - Fetching all loans
2025-03-27 14:39:10 - Fetching all loans
2025-03-27 14:39:10 - Fetching all loans
2025-03-27 14:39:16 - Fetching loan with ID: 3
2025-03-27 14:39:16 - Fetching loan with ID: 3
2025-03-27 14:39:20 - Fetching all loans
2025-03-27 14:39:20 - Fetching all loans
2025-03-27 14:39:20 - Fetching all loans
2025-03-27 14:39:20 - Fetching all loans
2025-03-27 14:39:41 - Fetching all overdue loans
2025-03-27 14:39:42 - Fetching loans due in the next 7 days
2025-03-27 14:39:43 - Fetching all loans
2025-03-27 14:39:44 - Fetching loans due in the next 7 days
2025-03-27 14:39:46 - Fetching all loans
2025-03-27 14:39:47 - Fetching loans due in the next 7 days
2025-03-27 14:39:48 - Fetching all overdue loans
2025-03-27 14:39:49 - Fetching all loans
2025-03-27 14:44:29 - Fetching all loans
2025-03-27 14:44:29 - Fetching all loans
2025-03-27 14:44:29 - Fetching all loans
2025-03-27 14:44:29 - Fetching all loans
2025-03-27 14:44:31 - Fetching loan with ID: 3
2025-03-27 14:44:31 - Fetching loan with ID: 3
2025-03-27 14:44:32 - Fetching all loans
2025-03-27 14:44:32 - Fetching all loans
2025-03-27 14:44:32 - Fetching all loans
2025-03-27 14:44:32 - Fetching all loans
2025-03-27 14:44:33 - Fetching loan with ID: 4
2025-03-27 14:44:33 - Fetching loan with ID: 4
2025-03-27 14:44:34 - Fetching all loans
2025-03-27 14:44:34 - Fetching all loans
2025-03-27 14:44:34 - Fetching all loans
2025-03-27 14:44:34 - Fetching all loans
2025-03-27 14:44:35 - Fetching loan with ID: 5
2025-03-27 14:44:35 - Fetching loan with ID: 5
2025-03-27 14:44:37 - Fetching all loans
2025-03-27 14:44:37 - Fetching all loans
2025-03-27 14:44:37 - Fetching all loans
2025-03-27 14:44:37 - Fetching all loans
2025-03-27 14:44:37 - Fetching loan with ID: 6
2025-03-27 14:44:38 - Fetching loan with ID: 6
2025-03-27 14:44:39 - Fetching all loans
2025-03-27 14:44:39 - Fetching all loans
2025-03-27 14:44:39 - Fetching all loans
2025-03-27 14:44:39 - Fetching all loans
2025-03-27 14:44:40 - Fetching loan with ID: 5
2025-03-27 14:44:40 - Fetching loan with ID: 5
2025-03-27 14:44:42 - Fetching all loans
2025-03-27 14:44:42 - Fetching all loans
2025-03-27 14:44:42 - Fetching all loans
2025-03-27 14:44:42 - Fetching all loans
2025-03-27 14:46:07 - Fetching all loans
2025-03-27 14:46:07 - Fetching all loans
2025-03-27 14:46:07 - Fetching all loans
2025-03-27 14:46:07 - Fetching all loans
2025-03-27 14:46:08 - Fetching all overdue loans
2025-03-27 14:46:09 - Fetching loans due in the next 7 days
2025-03-27 14:46:10 - Fetching all loans
2025-03-27 14:46:10 - Fetching all overdue loans
2025-03-27 14:46:11 - Fetching all loans
2025-03-27 14:46:12 - Fetching all loans
2025-03-27 14:46:12 - Fetching all overdue loans
2025-03-27 14:46:12 - Fetching all overdue loans
2025-03-27 14:46:12 - Fetching all loans
2025-03-27 18:17:18 - Fetching all loans
2025-03-27 18:17:18 - Fetching all overdue loans
2025-03-27 18:17:18 - Fetching all overdue loans
2025-03-27 18:17:18 - Fetching all loans
2025-03-27 18:17:34 - Fetching all loans
2025-03-27 18:17:34 - Fetching all loans
2025-03-27 18:17:34 - Fetching all loans
2025-03-27 18:17:34 - Fetching all loans
2025-03-27 18:18:24 - Fetching loan with ID: 3
2025-03-27 18:18:24 - Fetching loan with ID: 3
2025-03-27 18:18:38 - Fetching all loans
2025-03-27 18:18:38 - Fetching all overdue loans
2025-03-27 18:18:38 - Fetching all overdue loans
2025-03-27 18:18:38 - Fetching all loans
2025-03-27 18:18:41 - Fetching all loans
2025-03-27 18:18:41 - Fetching all loans
2025-03-27 18:18:41 - Fetching all loans
2025-03-27 18:18:41 - Fetching all loans
2025-03-27 18:19:01 - Fetching all overdue loans
2025-03-27 18:19:01 - Fetching all loans
2025-03-27 18:19:01 - Fetching all overdue loans
2025-03-27 18:19:01 - Fetching all loans
2025-03-27 18:31:29 - Fetching all overdue loans
2025-03-27 18:31:29 - Fetching all loans
2025-03-27 18:31:29 - Fetching all overdue loans
2025-03-27 18:31:29 - Fetching all loans
2025-03-27 18:32:23 - Fetching all loans
2025-03-27 18:32:23 - Fetching all loans
2025-03-27 18:32:23 - Fetching all loans
2025-03-27 18:32:23 - Fetching all loans
2025-03-27 18:32:25 - Fetching loans due in the next 7 days
2025-03-27 18:32:26 - Fetching all overdue loans
2025-03-27 18:32:27 - Fetching all loans
